#
# A fatal error has been detected by the Java Runtime Environment:
#
#  Internal Error (javaClasses.cpp:129), pid=3932, tid=11816
#  fatal error: Invalid layout of preloaded class
#
# JRE version: 7.0_25-b16
# Java VM: Java HotSpot(TM) Client VM (23.25-b01 mixed mode windows-x86 )
# Failed to write core dump. Minidumps are not enabled by default on client versions of Windows
#
# If you would like to submit a bug report, please visit:
#   http://bugreport.sun.com/bugreport/crash.jsp
#

---------------  T H R E A D  ---------------

Current thread (0x0051ac00):  JavaThread "Unknown thread" [_thread_in_vm, id=11816, stack(0x00470000,0x004c0000)]

Stack: [0x00470000,0x004c0000],  sp=0x004bfa00,  free space=318k
Native frames: (J=compiled Java code, j=interpreted, Vv=VM code, C=native code)
V  [jvm.dll+0x167e31]
V  [jvm.dll+0x1620f6]
V  [jvm.dll+0x1f92f]
V  [jvm.dll+0x1f9b6]
V  [jvm.dll+0x2cffd]
V  [jvm.dll+0x2d2a9]
V  [jvm.dll+0x75351]
V  [jvm.dll+0x7570b]
V  [jvm.dll+0x123881]
V  [jvm.dll+0x1439cc]
V  [jvm.dll+0xa619f]
C  [javaw.exe+0x13ca]
C  [javaw.exe+0x1e3c]
C  [javaw.exe+0xa5b1]
C  [javaw.exe+0xa63b]
C  [kernel32.dll+0x13677]  BaseThreadInitThunk+0x12
C  [ntdll.dll+0x39f42]  RtlInitializeExceptionChain+0x63
C  [ntdll.dll+0x39f15]  RtlInitializeExceptionChain+0x36


---------------  P R O C E S S  ---------------

Java Threads: ( => current thread )

Other Threads:

=>0x0051ac00 (exited) JavaThread "Unknown thread" [_thread_in_vm, id=11816, stack(0x00470000,0x004c0000)]

VM state:not at safepoint (not fully initialized)

VM Mutex/Monitor currently owned by a thread: None

GC Heap History (0 events):
No events

Deoptimization events (0 events):
No events

Internal exceptions (0 events):
No events

Events (10 events):
Event: 0.034 loading class 0x01046b98 done
Event: 0.035 loading class 0x01045590 done
Event: 0.035 loading class 0x01045568
Event: 0.035 loading class 0x010bc488
Event: 0.035 loading class 0x010bc488 done
Event: 0.035 loading class 0x010bc4c0
Event: 0.035 loading class 0x010bc4c0 done
Event: 0.035 loading class 0x010bcc08
Event: 0.035 loading class 0x010bcc08 done
Event: 0.035 loading class 0x01045568 done


Dynamic libraries:
0x012c0000 - 0x012ef000 	C:\Program Files (x86)\Java\jre7\bin\javaw.exe
0x77950000 - 0x77ad0000 	C:\Windows\SysWOW64\ntdll.dll
0x76a00000 - 0x76b10000 	C:\Windows\syswow64\kernel32.dll
0x77310000 - 0x77357000 	C:\Windows\syswow64\KERNELBASE.dll
0x77070000 - 0x77110000 	C:\Windows\syswow64\ADVAPI32.dll
0x76cd0000 - 0x76d7c000 	C:\Windows\syswow64\msvcrt.dll
0x76b10000 - 0x76b29000 	C:\Windows\SysWOW64\sechost.dll
0x75510000 - 0x75600000 	C:\Windows\syswow64\RPCRT4.dll
0x754b0000 - 0x75510000 	C:\Windows\syswow64\SspiCli.dll
0x754a0000 - 0x754ac000 	C:\Windows\syswow64\CRYPTBASE.dll
0x757a0000 - 0x758a0000 	C:\Windows\syswow64\USER32.dll
0x76f10000 - 0x76fa0000 	C:\Windows\syswow64\GDI32.dll
0x76f00000 - 0x76f0a000 	C:\Windows\syswow64\LPK.dll
0x76960000 - 0x769fd000 	C:\Windows\syswow64\USP10.dll
0x72850000 - 0x729ee000 	C:\Windows\WinSxS\x86_microsoft.windows.common-controls_6595b64144ccf1df_6.0.7600.16661_none_420fe3fa2b8113bd\COMCTL32.dll
0x76ea0000 - 0x76ef7000 	C:\Windows\syswow64\SHLWAPI.dll
0x76900000 - 0x76960000 	C:\Windows\system32\IMM32.DLL
0x76fa0000 - 0x7706c000 	C:\Windows\syswow64\MSCTF.dll
0x6f1c0000 - 0x6f27e000 	C:\Program Files (x86)\Java\jre7\bin\msvcr100.dll
0x66c40000 - 0x66f82000 	C:\Program Files (x86)\Java\jre7\bin\client\jvm.dll
0x71900000 - 0x71907000 	C:\Windows\system32\WSOCK32.dll
0x75930000 - 0x75965000 	C:\Windows\syswow64\WS2_32.dll
0x77920000 - 0x77926000 	C:\Windows\syswow64\NSI.dll
0x72c40000 - 0x72c72000 	C:\Windows\system32\WINMM.dll
0x76e80000 - 0x76e85000 	C:\Windows\syswow64\PSAPI.DLL
0x718f0000 - 0x718fc000 	C:\Program Files (x86)\Java\jre7\bin\verify.dll
0x70980000 - 0x709a0000 	C:\Program Files (x86)\Java\jre7\bin\java.dll
0x706f0000 - 0x70703000 	C:\Program Files (x86)\Java\jre7\bin\zip.dll
0x719e0000 - 0x71acb000 	C:\Windows\system32\dbghelp.dll

VM Arguments:
jvm_args: -Dfile.encoding=GBK -Xbootclasspath:D:\Android\android-sdk-windows\platforms\android-17\android.jar 
java_command: com.org.android.diary.activity.Test
Launcher Type: SUN_STANDARD

Environment Variables:
JAVA_HOME=C:\Program Files (x86)\Java\jdk1.7.0
CLASSPATH=C:\Program Files (x86)\Java\jdk1.7.0\lib\dt.jar;C:\Program Files (x86)\Java\jdk1.7.0\lib\tools.jar
PATH=C:/Program Files (x86)/Java/jre7/bin/client;C:/Program Files (x86)/Java/jre7/bin;C:/Program Files (x86)/Java/jre7/lib/i386;C:\Program Files (x86)\NVIDIA Corporation\PhysX\Common;D:\OracleXE\Data\app\oracle\product\10.2.0\server\bin;C:\Windows\system32;C:\Windows;C:\Windows\System32\Wbem;C:\Windows\System32\WindowsPowerShell\v1.0\;D:\Android\android-sdk-windows\platform-tools;D:\Android\Tomcat\apache-tomcat-7.0.12-windows-x86\apache-tomcat-7.0.12\lib;D:\Android\Tomcat\apache-tomcat-7.0.12-windows-x86\apache-tomcat-7.0.12\lib\servlet-api.jar;D:\Android\Tomcat\apache-tomcat-7.0.12-windows-x86\apache-tomcat-7.0.12\lib\jsp-api.jar;C:\Program Files (x86)\Java\jdk1.7.0\bin;C:\Program Files\MySQL\MySQL Server 5.0\bin;D:\Android\android-sdk-windows\eclipse;
USERNAME=Administrator
OS=Windows_NT
PROCESSOR_IDENTIFIER=Intel64 Family 6 Model 23 Stepping 10, GenuineIntel



---------------  S Y S T E M  ---------------

OS: Windows 7 , 64 bit Build 7600 

CPU:total 2 (2 cores per cpu, 1 threads per core) family 6 model 23 stepping 10, cmov, cx8, fxsr, mmx, sse, sse2, sse3, ssse3, tsc

Memory: 4k page, physical 4158064k(1960656k free), swap 8314220k(5917960k free)

vm_info: Java HotSpot(TM) Client VM (23.25-b01) for windows-x86 JRE (1.7.0_25-b16), built on Jun 12 2013 20:29:09 by "java_re" with unknown MS VC++:1600

time: Wed Jul 24 20:07:40 2013
elapsed time: 0 seconds

